<?xml version="1.0" encoding="UTF-8"?>
<!-- Generated by org.testng.reporters.JUnitXMLReporter -->
<testsuite ignored="2" hostname="subham" failures="1" tests="6" name="TestRunner-2" time="22.797" errors="0" timestamp="2024-01-19T18:03:58 IST">
  <testcase classname="com.healthcare.Medicave.AdminModule.DoctorSpecializationTest" name="createDoctorSpecializationTest" time="1.08">
    <skipped/>
  </testcase> <!-- createDoctorSpecializationTest -->
  <testcase classname="com.healthcare.Medicave.AdminModule.DoctorSpecializationTest" name="createDoctorSpecializationTest" time="0.85">
    <skipped/>
  </testcase> <!-- createDoctorSpecializationTest -->
  <testcase classname="com.healthcare.Medicave.AdminModule.DoctorSpecializationTest" name="createDoctorSpecializationTest" time="1.389">
    <skipped/>
  </testcase> <!-- createDoctorSpecializationTest -->
  <testcase classname="com.healthcare.Medicave.AdminModule.DoctorSpecializationTest" name="createDoctorSpecializationTest" time="1.196">
    <skipped/>
  </testcase> <!-- createDoctorSpecializationTest -->
  <testcase classname="com.healthcare.Medicave.AdminModule.DoctorSpecializationTest" name="createDoctorSpecializationTest" time="0.587">
    <failure type="java.lang.NullPointerException" message="Cannot invoke &amp;quot;org.apache.poi.ss.usermodel.Row.getCell(int)&amp;quot; because the return value of &amp;quot;org.apache.poi.ss.usermodel.Sheet.getRow(int)&amp;quot; is null">
      <![CDATA[java.lang.NullPointerException: Cannot invoke "org.apache.poi.ss.usermodel.Row.getCell(int)" because the return value of "org.apache.poi.ss.usermodel.Sheet.getRow(int)" is null
at com.genaricLibUtilities.ExcelUtilites.readExcelData(ExcelUtilites.java:43)
at com.healthcare.Medicave.AdminModule.DoctorSpecializationTest.createDoctorSpecializationTest(DoctorSpecializationTest.java:59)
at java.base/java.util.ArrayList.forEach(ArrayList.java:1511)
at java.base/java.util.concurrent.FutureTask.run(FutureTask.java:264)
at java.base/java.util.concurrent.ThreadPoolExecutor.runWorker(ThreadPoolExecutor.java:1136)
at java.base/java.util.concurrent.ThreadPoolExecutor$Worker.run(ThreadPoolExecutor.java:635)
at java.base/java.lang.Thread.run(Thread.java:842)
... Removed 18 stack frames]]>
    </failure>
  </testcase> <!-- createDoctorSpecializationTest -->
  <testcase classname="com.healthcare.Medicave.AdminModule.AddDoctorTest" name="addDoctorTest" time="3.93"/>
  <testcase classname="com.genaricLibUtilities.BaseClass" name="@AfterSuite config_AS" time="0.0">
    <ignored/>
  </testcase> <!-- @AfterSuite config_AS -->
  <testcase classname="com.genaricLibUtilities.BaseClass" name="@BeforeSuite config_BS" time="0.0">
    <ignored/>
  </testcase> <!-- @BeforeSuite config_BS -->
</testsuite> <!-- TestRunner-2 -->
