<?xml version="1.0" encoding="UTF-8"?>
<!-- Generated by org.testng.reporters.JUnitXMLReporter -->
<testsuite ignored="0" hostname="subham" failures="0" tests="2" name="TestRunner-1" time="11.883" errors="0" timestamp="2024-01-19T18:03:47 IST">
  <testcase classname="com.healthcare.Medicave.DoctorModule.ManagePatientTest" name="updatePatientTest" time="1.13"/>
  <testcase classname="com.healthcare.Medicave.DoctorModule.ManagePatientTest" name="createPatientMedicalReport" time="2.703"/>
</testsuite> <!-- TestRunner-1 -->
